Build started 8.6.2017 г. 18:28:53 ч..
     1>Project "C:\Users\user\documents\visual studio 2013\Projects\ProjectOOPChess\ProjectOOPChess\ProjectOOPChess.vcxproj" on node 2 (Build target(s)).
     1>ClCompile:
         C:\Program Files (x86)\Microsoft Visual Studio 12.0\VC\bin\CL.exe /c /ZI /nologo /W3 /WX- /sdl /Od /Oy- /D WIN32 /D _DEBUG /D _CONSOLE /D _LIB /D _UNICODE /D UNICODE /D _CRT_SECURE_NO_WARNINGS /Gm /EHsc /RTC1 /MDd /GS /fp:precise /Zc:wchar_t /Zc:forScope /Yu"stdafx.h" /Fp"Debug\ProjectOOPChess.pch" /Fo"Debug\\" /Fd"Debug\vc120.pdb" /Gd /TP /analyze- /errorReport:prompt ProjectOOPChess.cpp
         ProjectOOPChess.cpp
       Link:
         C:\Program Files (x86)\Microsoft Visual Studio 12.0\VC\bin\link.exe /ERRORREPORT:PROMPT /OUT:"C:\Users\user\documents\visual studio 2013\Projects\ProjectOOPChess\Debug\ProjectOOPChess.exe" /INCREMENTAL /NOLOGO kernel32.lib user32.lib gdi32.lib winspool.lib comdlg32.lib advapi32.lib shell32.lib ole32.lib oleaut32.lib uuid.lib odbc32.lib odbccp32.lib /MANIFEST /MANIFESTUAC:"level='asInvoker' uiAccess='false'" /manifest:embed /DEBUG /PDB:"C:\Users\user\documents\visual studio 2013\Projects\ProjectOOPChess\Debug\ProjectOOPChess.pdb" /SUBSYSTEM:CONSOLE /TLBID:1 /DYNAMICBASE /NXCOMPAT /IMPLIB:"C:\Users\user\documents\visual studio 2013\Projects\ProjectOOPChess\Debug\ProjectOOPChess.lib" /MACHINE:X86 Debug\Bishop.obj
         Debug\Board.obj
         Debug\figure.obj
         Debug\King.obj
         Debug\Knight.obj
         Debug\Pawn.obj
         Debug\position.obj
         Debug\ProjectOOPChess.obj
         Debug\Queen.obj
         Debug\Rook.obj
         Debug\stdafx.obj
         ProjectOOPChess.vcxproj -> C:\Users\user\documents\visual studio 2013\Projects\ProjectOOPChess\Debug\ProjectOOPChess.exe
     1>Done Building Project "C:\Users\user\documents\visual studio 2013\Projects\ProjectOOPChess\ProjectOOPChess\ProjectOOPChess.vcxproj" (Build target(s)).

Build succeeded.

Time Elapsed 00:00:00.81
